This is pdfTeX, Version 3.1415926-2.5-1.40.14 (TeX Live 2013/Debian) (format=pdflatex 2014.7.2)  17 SEP 2014 16:44
entering extended mode
 restricted \write18 enabled.
 %&-line parsing enabled.
**faoswsFlag.tex
(./faoswsFlag.tex
LaTeX2e <2011/06/27>
Babel <3.9h> and hyphenation patterns for 78 languages loaded.
(/usr/share/texmf/tex/latex/R/tex/latex/jss.cls
Document Class: jss 2013/09/05 2.3 jss class by Achim Zeileis
(/usr/share/texlive/texmf-dist/tex/latex/base/article.cls
Document Class: article 2007/10/19 v1.4h Standard LaTeX document class
(/usr/share/texlive/texmf-dist/tex/latex/base/size11.clo
File: size11.clo 2007/10/19 v1.4h Standard LaTeX file (size option)
)
\c@part=\count79
\c@section=\count80
\c@subsection=\count81
\c@subsubsection=\count82
\c@paragraph=\count83
\c@subparagraph=\count84
\c@figure=\count85
\c@table=\count86
\abovecaptionskip=\skip41
\belowcaptionskip=\skip42
\bibindent=\dimen102
)
(/usr/share/texlive/texmf-dist/tex/latex/graphics/graphicx.sty
Package: graphicx 1999/02/16 v1.0f Enhanced LaTeX Graphics (DPC,SPQR)

(/usr/share/texlive/texmf-dist/tex/latex/graphics/keyval.sty
Package: keyval 1999/03/16 v1.13 key=value parser (DPC)
\KV@toks@=\toks14
)
(/usr/share/texlive/texmf-dist/tex/latex/graphics/graphics.sty
Package: graphics 2009/02/05 v1.0o Standard LaTeX Graphics (DPC,SPQR)

(/usr/share/texlive/texmf-dist/tex/latex/graphics/trig.sty
Package: trig 1999/03/16 v1.09 sin cos tan (DPC)
)
(/usr/share/texlive/texmf-dist/tex/latex/latexconfig/graphics.cfg
File: graphics.cfg 2010/04/23 v1.9 graphics configuration of TeX Live
)
Package graphics Info: Driver file: pdftex.def on input line 91.

(/usr/share/texlive/texmf-dist/tex/latex/pdftex-def/pdftex.def
File: pdftex.def 2011/05/27 v0.06d Graphics/color for pdfTeX

(/usr/share/texlive/texmf-dist/tex/generic/oberdiek/infwarerr.sty
Package: infwarerr 2010/04/08 v1.3 Providing info/warning/error messages (HO)
)
(/usr/share/texlive/texmf-dist/tex/generic/oberdiek/ltxcmds.sty
Package: ltxcmds 2011/11/09 v1.22 LaTeX kernel commands for general use (HO)
)
\Gread@gobject=\count87
))
\Gin@req@height=\dimen103
\Gin@req@width=\dimen104
)
(/usr/share/texlive/texmf-dist/tex/latex/graphics/color.sty
Package: color 2005/11/14 v1.0j Standard LaTeX Color (DPC)

(/usr/share/texlive/texmf-dist/tex/latex/latexconfig/color.cfg
File: color.cfg 2007/01/18 v1.5 color configuration of teTeX/TeXLive
)
Package color Info: Driver file: pdftex.def on input line 130.
)
(/usr/share/texlive/texmf-dist/tex/latex/ae/ae.sty
Package: ae 2001/02/12 1.3 Almost European Computer Modern

(/usr/share/texlive/texmf-dist/tex/latex/base/fontenc.sty
Package: fontenc 2005/09/27 v1.99g Standard LaTeX package

(/usr/share/texlive/texmf-dist/tex/latex/base/t1enc.def
File: t1enc.def 2005/09/27 v1.99g Standard LaTeX file
LaTeX Font Info:    Redeclaring font encoding T1 on input line 43.
)
LaTeX Font Info:    Try loading font information for T1+aer on input line 100.

(/usr/share/texlive/texmf-dist/tex/latex/ae/t1aer.fd
File: t1aer.fd 1997/11/16 Font definitions for T1/aer.
)))
(/usr/share/texlive/texmf-dist/tex/latex/fancyvrb/fancyvrb.sty
Package: fancyvrb 2008/02/07

Style option: `fancyvrb' v2.7a, with DG/SPQR fixes, and firstline=lastline fix 
<2008/02/07> (tvz)
\FV@CodeLineNo=\count88
\FV@InFile=\read1
\FV@TabBox=\box26
\c@FancyVerbLine=\count89
\FV@StepNumber=\count90
\FV@OutFile=\write3
) (/usr/share/texlive/texmf-dist/tex/latex/base/fontenc.sty
Package: fontenc 2005/09/27 v1.99g Standard LaTeX package

(/usr/share/texlive/texmf-dist/tex/latex/base/t1enc.def
File: t1enc.def 2005/09/27 v1.99g Standard LaTeX file
LaTeX Font Info:    Redeclaring font encoding T1 on input line 43.
))
(/usr/share/texlive/texmf-dist/tex/latex/upquote/upquote.sty
Package: upquote 2012/04/19 v1.3 upright-quote and grave-accent glyphs in verba
tim

(/usr/share/texlive/texmf-dist/tex/latex/base/textcomp.sty
Package: textcomp 2005/09/27 v1.99g Standard LaTeX package
Package textcomp Info: Sub-encoding information:
(textcomp)               5 = only ISO-Adobe without \textcurrency
(textcomp)               4 = 5 + \texteuro
(textcomp)               3 = 4 + \textohm
(textcomp)               2 = 3 + \textestimated + \textcurrency
(textcomp)               1 = TS1 - \textcircled - \t
(textcomp)               0 = TS1 (full)
(textcomp)             Font families with sub-encoding setting implement
(textcomp)             only a restricted character set as indicated.
(textcomp)             Family '?' is the default used for unknown fonts.
(textcomp)             See the documentation for details.
Package textcomp Info: Setting ? sub-encoding to TS1/1 on input line 71.

(/usr/share/texlive/texmf-dist/tex/latex/base/ts1enc.def
File: ts1enc.def 2001/06/05 v3.0e (jk/car/fm) Standard LaTeX file
)
LaTeX Info: Redefining \oldstylenums on input line 266.
Package textcomp Info: Setting cmr sub-encoding to TS1/0 on input line 281.
Package textcomp Info: Setting cmss sub-encoding to TS1/0 on input line 282.
Package textcomp Info: Setting cmtt sub-encoding to TS1/0 on input line 283.
Package textcomp Info: Setting cmvtt sub-encoding to TS1/0 on input line 284.
Package textcomp Info: Setting cmbr sub-encoding to TS1/0 on input line 285.
Package textcomp Info: Setting cmtl sub-encoding to TS1/0 on input line 286.
Package textcomp Info: Setting ccr sub-encoding to TS1/0 on input line 287.
Package textcomp Info: Setting ptm sub-encoding to TS1/4 on input line 288.
Package textcomp Info: Setting pcr sub-encoding to TS1/4 on input line 289.
Package textcomp Info: Setting phv sub-encoding to TS1/4 on input line 290.
Package textcomp Info: Setting ppl sub-encoding to TS1/3 on input line 291.
Package textcomp Info: Setting pag sub-encoding to TS1/4 on input line 292.
Package textcomp Info: Setting pbk sub-encoding to TS1/4 on input line 293.
Package textcomp Info: Setting pnc sub-encoding to TS1/4 on input line 294.
Package textcomp Info: Setting pzc sub-encoding to TS1/4 on input line 295.
Package textcomp Info: Setting bch sub-encoding to TS1/4 on input line 296.
Package textcomp Info: Setting put sub-encoding to TS1/5 on input line 297.
Package textcomp Info: Setting uag sub-encoding to TS1/5 on input line 298.
Package textcomp Info: Setting ugq sub-encoding to TS1/5 on input line 299.
Package textcomp Info: Setting ul8 sub-encoding to TS1/4 on input line 300.
Package textcomp Info: Setting ul9 sub-encoding to TS1/4 on input line 301.
Package textcomp Info: Setting augie sub-encoding to TS1/5 on input line 302.
Package textcomp Info: Setting dayrom sub-encoding to TS1/3 on input line 303.
Package textcomp Info: Setting dayroms sub-encoding to TS1/3 on input line 304.

Package textcomp Info: Setting pxr sub-encoding to TS1/0 on input line 305.
Package textcomp Info: Setting pxss sub-encoding to TS1/0 on input line 306.
Package textcomp Info: Setting pxtt sub-encoding to TS1/0 on input line 307.
Package textcomp Info: Setting txr sub-encoding to TS1/0 on input line 308.
Package textcomp Info: Setting txss sub-encoding to TS1/0 on input line 309.
Package textcomp Info: Setting txtt sub-encoding to TS1/0 on input line 310.
Package textcomp Info: Setting lmr sub-encoding to TS1/0 on input line 311.
Package textcomp Info: Setting lmdh sub-encoding to TS1/0 on input line 312.
Package textcomp Info: Setting lmss sub-encoding to TS1/0 on input line 313.
Package textcomp Info: Setting lmssq sub-encoding to TS1/0 on input line 314.
Package textcomp Info: Setting lmvtt sub-encoding to TS1/0 on input line 315.
Package textcomp Info: Setting qhv sub-encoding to TS1/0 on input line 316.
Package textcomp Info: Setting qag sub-encoding to TS1/0 on input line 317.
Package textcomp Info: Setting qbk sub-encoding to TS1/0 on input line 318.
Package textcomp Info: Setting qcr sub-encoding to TS1/0 on input line 319.
Package textcomp Info: Setting qcs sub-encoding to TS1/0 on input line 320.
Package textcomp Info: Setting qpl sub-encoding to TS1/0 on input line 321.
Package textcomp Info: Setting qtm sub-encoding to TS1/0 on input line 322.
Package textcomp Info: Setting qzc sub-encoding to TS1/0 on input line 323.
Package textcomp Info: Setting qhvc sub-encoding to TS1/0 on input line 324.
Package textcomp Info: Setting futs sub-encoding to TS1/4 on input line 325.
Package textcomp Info: Setting futx sub-encoding to TS1/4 on input line 326.
Package textcomp Info: Setting futj sub-encoding to TS1/4 on input line 327.
Package textcomp Info: Setting hlh sub-encoding to TS1/3 on input line 328.
Package textcomp Info: Setting hls sub-encoding to TS1/3 on input line 329.
Package textcomp Info: Setting hlst sub-encoding to TS1/3 on input line 330.
Package textcomp Info: Setting hlct sub-encoding to TS1/5 on input line 331.
Package textcomp Info: Setting hlx sub-encoding to TS1/5 on input line 332.
Package textcomp Info: Setting hlce sub-encoding to TS1/5 on input line 333.
Package textcomp Info: Setting hlcn sub-encoding to TS1/5 on input line 334.
Package textcomp Info: Setting hlcw sub-encoding to TS1/5 on input line 335.
Package textcomp Info: Setting hlcf sub-encoding to TS1/5 on input line 336.
Package textcomp Info: Setting pplx sub-encoding to TS1/3 on input line 337.
Package textcomp Info: Setting pplj sub-encoding to TS1/3 on input line 338.
Package textcomp Info: Setting ptmx sub-encoding to TS1/4 on input line 339.
Package textcomp Info: Setting ptmj sub-encoding to TS1/4 on input line 340.
))
(/usr/share/texlive/texmf-dist/tex/latex/natbib/natbib.sty
Package: natbib 2010/09/13 8.31b (PWD, AO)
\bibhang=\skip43
\bibsep=\skip44
LaTeX Info: Redefining \cite on input line 694.
\c@NAT@ctr=\count91
)
\footerskip=\skip45

(/usr/share/texlive/texmf-dist/tex/latex/hyperref/hyperref.sty
Package: hyperref 2012/11/06 v6.83m Hypertext links for LaTeX

(/usr/share/texlive/texmf-dist/tex/generic/oberdiek/hobsub-hyperref.sty
Package: hobsub-hyperref 2012/05/28 v1.13 Bundle oberdiek, subset hyperref (HO)


(/usr/share/texlive/texmf-dist/tex/generic/oberdiek/hobsub-generic.sty
Package: hobsub-generic 2012/05/28 v1.13 Bundle oberdiek, subset generic (HO)
Package: hobsub 2012/05/28 v1.13 Construct package bundles (HO)
Package hobsub Info: Skipping package `infwarerr' (already loaded).
Package hobsub Info: Skipping package `ltxcmds' (already loaded).
Package: ifluatex 2010/03/01 v1.3 Provides the ifluatex switch (HO)
Package ifluatex Info: LuaTeX not detected.
Package: ifvtex 2010/03/01 v1.5 Detect VTeX and its facilities (HO)
Package ifvtex Info: VTeX not detected.
Package: intcalc 2007/09/27 v1.1 Expandable calculations with integers (HO)
Package: ifpdf 2011/01/30 v2.3 Provides the ifpdf switch (HO)
Package ifpdf Info: pdfTeX in PDF mode is detected.
Package: etexcmds 2011/02/16 v1.5 Avoid name clashes with e-TeX commands (HO)
Package etexcmds Info: Could not find \expanded.
(etexcmds)             That can mean that you are not using pdfTeX 1.50 or
(etexcmds)             that some package has redefined \expanded.
(etexcmds)             In the latter case, load this package earlier.
Package: kvsetkeys 2012/04/25 v1.16 Key value parser (HO)
Package: kvdefinekeys 2011/04/07 v1.3 Define keys (HO)
Package: pdftexcmds 2011/11/29 v0.20 Utility functions of pdfTeX for LuaTeX (HO
)
Package pdftexcmds Info: LuaTeX not detected.
Package pdftexcmds Info: \pdf@primitive is available.
Package pdftexcmds Info: \pdf@ifprimitive is available.
Package pdftexcmds Info: \pdfdraftmode found.
Package: pdfescape 2011/11/25 v1.13 Implements pdfTeX's escape features (HO)
Package: bigintcalc 2012/04/08 v1.3 Expandable calculations on big integers (HO
)
Package: bitset 2011/01/30 v1.1 Handle bit-vector datatype (HO)
Package: uniquecounter 2011/01/30 v1.2 Provide unlimited unique counter (HO)
)
Package hobsub Info: Skipping package `hobsub' (already loaded).
Package: letltxmacro 2010/09/02 v1.4 Let assignment for LaTeX macros (HO)
Package: hopatch 2012/05/28 v1.2 Wrapper for package hooks (HO)
Package: xcolor-patch 2011/01/30 xcolor patch
Package: atveryend 2011/06/30 v1.8 Hooks at the very end of document (HO)
Package atveryend Info: \enddocument detected (standard20110627).
Package: atbegshi 2011/10/05 v1.16 At begin shipout hook (HO)
Package: refcount 2011/10/16 v3.4 Data extraction from label references (HO)
Package: hycolor 2011/01/30 v1.7 Color options for hyperref/bookmark (HO)
)
(/usr/share/texlive/texmf-dist/tex/generic/ifxetex/ifxetex.sty
Package: ifxetex 2010/09/12 v0.6 Provides ifxetex conditional
)
(/usr/share/texlive/texmf-dist/tex/latex/oberdiek/auxhook.sty
Package: auxhook 2011/03/04 v1.3 Hooks for auxiliary files (HO)
)
(/usr/share/texlive/texmf-dist/tex/latex/oberdiek/kvoptions.sty
Package: kvoptions 2011/06/30 v3.11 Key value format for package options (HO)
)
\@linkdim=\dimen105
\Hy@linkcounter=\count92
\Hy@pagecounter=\count93

(/usr/share/texlive/texmf-dist/tex/latex/hyperref/pd1enc.def
File: pd1enc.def 2012/11/06 v6.83m Hyperref: PDFDocEncoding definition (HO)
)
\Hy@SavedSpaceFactor=\count94

(/usr/share/texlive/texmf-dist/tex/latex/latexconfig/hyperref.cfg
File: hyperref.cfg 2002/06/06 v1.2 hyperref configuration of TeXLive
)
Package hyperref Info: Hyper figures OFF on input line 4443.
Package hyperref Info: Link nesting OFF on input line 4448.
Package hyperref Info: Hyper index ON on input line 4451.
Package hyperref Info: Plain pages OFF on input line 4458.
Package hyperref Info: Backreferencing OFF on input line 4463.
Package hyperref Info: Implicit mode ON; LaTeX internals redefined.
Package hyperref Info: Bookmarks ON on input line 4688.
\c@Hy@tempcnt=\count95

(/usr/share/texlive/texmf-dist/tex/latex/url/url.sty
\Urlmuskip=\muskip10
Package: url 2013/09/16  ver 3.4  Verb mode for urls, etc.
)
LaTeX Info: Redefining \url on input line 5041.
\XeTeXLinkMargin=\dimen106
\Fld@menulength=\count96
\Field@Width=\dimen107
\Fld@charsize=\dimen108
Package hyperref Info: Hyper figures OFF on input line 6295.
Package hyperref Info: Link nesting OFF on input line 6300.
Package hyperref Info: Hyper index ON on input line 6303.
Package hyperref Info: backreferencing OFF on input line 6310.
Package hyperref Info: Link coloring OFF on input line 6315.
Package hyperref Info: Link coloring with OCG OFF on input line 6320.
Package hyperref Info: PDF/A mode OFF on input line 6325.
LaTeX Info: Redefining \ref on input line 6365.
LaTeX Info: Redefining \pageref on input line 6369.
\Hy@abspage=\count97
\c@Item=\count98
\c@Hfootnote=\count99
)

Package hyperref Message: Driver (autodetected): hpdftex.

(/usr/share/texlive/texmf-dist/tex/latex/hyperref/hpdftex.def
File: hpdftex.def 2012/11/06 v6.83m Hyperref driver for pdfTeX
\Fld@listcount=\count100
\c@bookmark@seq@number=\count101

(/usr/share/texlive/texmf-dist/tex/latex/oberdiek/rerunfilecheck.sty
Package: rerunfilecheck 2011/04/15 v1.7 Rerun checks for auxiliary files (HO)
Package uniquecounter Info: New unique counter `rerunfilecheck' on input line 2
82.
)
\Hy@SectionHShift=\skip46
)
\preXLskip=\skip47
\preLskip=\skip48
\preMskip=\skip49
\preSskip=\skip50
\postMskip=\skip51
\postSskip=\skip52


Package hyperref Warning: Option `hyperindex' has already been used,
(hyperref)                setting the option has no effect on input line 444.

Package hyperref Info: Option `colorlinks' set `true' on input line 444.
Package hyperref Info: Option `linktocpage' set `true' on input line 444.
Package hyperref Info: Option `plainpages' set `false' on input line 444.
) (/usr/share/texlive/texmf-dist/tex/latex/framed/framed.sty
Package: framed 2011/10/22 v 0.96: framed or shaded text with page breaks
\OuterFrameSep=\skip53
\fb@frw=\dimen109
\fb@frh=\dimen110
\FrameRule=\dimen111
\FrameSep=\dimen112
)
(/usr/share/texlive/texmf-dist/tex/latex/base/alltt.sty
Package: alltt 1997/06/16 v2.0g defines alltt environment
)
(/usr/share/texlive/texmf-dist/tex/latex/psnfss/mathpazo.sty
Package: mathpazo 2005/04/12 PSNFSS-v9.2a Palatino w/ Pazo Math (D.Puga, WaS) 
\symupright=\mathgroup4
)
(/usr/share/texlive/texmf-dist/tex/latex/geometry/geometry.sty
Package: geometry 2010/09/12 v5.6 Page Geometry
\Gm@cnth=\count102
\Gm@cntv=\count103
\c@Gm@tempcnt=\count104
\Gm@bindingoffset=\dimen113
\Gm@wd@mp=\dimen114
\Gm@odd@mp=\dimen115
\Gm@even@mp=\dimen116
\Gm@layoutwidth=\dimen117
\Gm@layoutheight=\dimen118
\Gm@layouthoffset=\dimen119
\Gm@layoutvoffset=\dimen120
\Gm@dimlist=\toks15
)
(/usr/share/texlive/texmf-dist/tex/latex/breakurl/breakurl.sty
Package: breakurl 2013/04/10 v1.40 Breakable hyperref URLs

(/usr/share/texlive/texmf-dist/tex/latex/xkeyval/xkeyval.sty
Package: xkeyval 2012/10/14 v2.6b package option processing (HA)

(/usr/share/texlive/texmf-dist/tex/generic/xkeyval/xkeyval.tex
\XKV@toks=\toks16
\XKV@tempa@toks=\toks17
\XKV@depth=\count105
File: xkeyval.tex 2012/10/14 v2.6b key=value parser (HA)
))

Package breakurl Warning: You are using breakurl while processing via pdflatex.

(breakurl)                \burl will be just a synonym of \url.
(breakurl)                 on input line 48.

) (/usr/share/texlive/texmf-dist/tex/latex/algorithm2e/algorithm2e.sty
Package: algorithm2e 2013/01/06 v5.00 algorithms environments
\c@AlgoLine=\count106

(/usr/share/texlive/texmf-dist/tex/latex/base/ifthen.sty
Package: ifthen 2001/05/26 v1.1c Standard LaTeX ifthen package (DPC)
)
(/usr/share/texlive/texmf-dist/tex/latex/tools/xspace.sty
Package: xspace 2009/10/20 v1.13 Space after command names (DPC,MH)
)
(/usr/share/texlive/texmf-dist/tex/latex/relsize/relsize.sty
Package: relsize 2013/03/29 ver 4.1
)
********************************************************
Package `algorithm2e' Release 5.0 -- january 06 2013 --
- algorithm2e-announce@lirmm.fr mailing list for announcement about releases
- algorithm2e-discussion@lirmm.fr mailing list for discussion about package
subscribe by emailing sympa@lirmm.fr with 'subscribe <list> <firstname name>'
- Author: Christophe Fiorio (cfiorio@um2.fr)
********************************************************
\skiptotal=\skip54
\skiplinenumber=\skip55
\skiprule=\skip56
\skiphlne=\skip57
\skiptext=\skip58
\skiplength=\skip59
\algomargin=\skip60
\skipalgocfslide=\skip61
\algowidth=\dimen121
\inoutsize=\dimen122
\inoutindent=\dimen123
\interspacetitleruled=\dimen124
\interspacealgoruled=\dimen125
\interspacetitleboxruled=\dimen126
\algocf@inoutbox=\box27
\algocf@inputbox=\box28
\AlCapSkip=\skip62
\AlCapHSkip=\skip63
\algoskipindent=\skip64
\algocf@nlbox=\box29
\algocf@hangingbox=\box30
\algocf@untilbox=\box31
\algocf@skipuntil=\skip65
\algocf@capbox=\box32
\algoheightruledefault=\skip66
\algoheightrule=\skip67
\algotitleheightruledefault=\skip68
\algotitleheightrule=\skip69
\c@algocfline=\count107
\c@algocfproc=\count108
\c@algocf=\count109
\algocf@algoframe=\box33
\algocf@algobox=\box34
) (/usr/share/texlive/texmf-dist/tex/latex/mh/mathtools.sty
Package: mathtools 2013/02/12 v1.13 mathematical typesetting tools

(/usr/share/texlive/texmf-dist/tex/latex/tools/calc.sty
Package: calc 2007/08/22 v4.3 Infix arithmetic (KKT,FJ)
\calc@Acount=\count110
\calc@Bcount=\count111
\calc@Adimen=\dimen127
\calc@Bdimen=\dimen128
\calc@Askip=\skip70
\calc@Bskip=\skip71
LaTeX Info: Redefining \setlength on input line 76.
LaTeX Info: Redefining \addtolength on input line 77.
\calc@Ccount=\count112
\calc@Cskip=\skip72
)
(/usr/share/texlive/texmf-dist/tex/latex/mh/mhsetup.sty
Package: mhsetup 2010/01/21 v1.2a programming setup (MH)
)
(/usr/share/texlive/texmf-dist/tex/latex/amsmath/amsmath.sty
Package: amsmath 2013/01/14 v2.14 AMS math features
\@mathmargin=\skip73

For additional information on amsmath, use the `?' option.
(/usr/share/texlive/texmf-dist/tex/latex/amsmath/amstext.sty
Package: amstext 2000/06/29 v2.01

(/usr/share/texlive/texmf-dist/tex/latex/amsmath/amsgen.sty
File: amsgen.sty 1999/11/30 v2.0
\@emptytoks=\toks18
\ex@=\dimen129
))
(/usr/share/texlive/texmf-dist/tex/latex/amsmath/amsbsy.sty
Package: amsbsy 1999/11/29 v1.2d
\pmbraise@=\dimen130
)
(/usr/share/texlive/texmf-dist/tex/latex/amsmath/amsopn.sty
Package: amsopn 1999/12/14 v2.01 operator names
)
\inf@bad=\count113
LaTeX Info: Redefining \frac on input line 210.
\uproot@=\count114
\leftroot@=\count115
LaTeX Info: Redefining \overline on input line 306.
\classnum@=\count116
\DOTSCASE@=\count117
LaTeX Info: Redefining \ldots on input line 378.
LaTeX Info: Redefining \dots on input line 381.
LaTeX Info: Redefining \cdots on input line 466.
\Mathstrutbox@=\box35
\strutbox@=\box36
\big@size=\dimen131
LaTeX Font Info:    Redeclaring font encoding OML on input line 566.
LaTeX Font Info:    Redeclaring font encoding OMS on input line 567.
\macc@depth=\count118
\c@MaxMatrixCols=\count119
\dotsspace@=\muskip11
\c@parentequation=\count120
\dspbrk@lvl=\count121
\tag@help=\toks19
\row@=\count122
\column@=\count123
\maxfields@=\count124
\andhelp@=\toks20
\eqnshift@=\dimen132
\alignsep@=\dimen133
\tagshift@=\dimen134
\tagwidth@=\dimen135
\totwidth@=\dimen136
\lineht@=\dimen137
\@envbody=\toks21
\multlinegap=\skip74
\multlinetaggap=\skip75
\mathdisplay@stack=\toks22
LaTeX Info: Redefining \[ on input line 2665.
LaTeX Info: Redefining \] on input line 2666.
)
LaTeX Info: Thecontrolsequence`\['isalreadyrobust on input line 129.
LaTeX Info: Thecontrolsequence`\]'isalreadyrobust on input line 129.
\g_MT_multlinerow_int=\count125
\l_MT_multwidth_dim=\dimen138
\origjot=\skip76
\l_MT_shortvdotswithinadjustabove_dim=\dimen139
\l_MT_shortvdotswithinadjustbelow_dim=\dimen140
\l_MT_above_intertext_sep=\dimen141
\l_MT_below_intertext_sep=\dimen142
\l_MT_above_shortintertext_sep=\dimen143
\l_MT_below_shortintertext_sep=\dimen144
)
(/usr/share/texlive/texmf-dist/tex/latex/float/float.sty
Package: float 2001/11/08 v1.3d Float enhancements (AL)
\c@float@type=\count126
\float@exts=\toks23
\float@box=\box37
\@float@everytoks=\toks24
\@floatcapt=\box38
)
(/usr/share/texlive/texmf-dist/tex/latex/placeins/placeins.sty
Package: placeins 2005/04/18  v 2.2
)
(/usr/share/texlive/texmf-dist/tex/latex/jknapltx/mathrsfs.sty
Package: mathrsfs 1996/01/01 Math RSFS package v1.0 (jk)
\symrsfs=\mathgroup5
)
(/usr/share/texlive/texmf-dist/tex/latex/multirow/multirow.sty
\bigstrutjot=\dimen145
)
(./faoswsFlag.aux)
\openout1 = `faoswsFlag.aux'.

LaTeX Font Info:    Checking defaults for OML/cmm/m/it on input line 112.
LaTeX Font Info:    ... okay on input line 112.
LaTeX Font Info:    Checking defaults for T1/cmr/m/n on input line 112.
LaTeX Font Info:    ... okay on input line 112.
LaTeX Font Info:    Checking defaults for OT1/cmr/m/n on input line 112.
LaTeX Font Info:    ... okay on input line 112.
LaTeX Font Info:    Checking defaults for OMS/cmsy/m/n on input line 112.
LaTeX Font Info:    ... okay on input line 112.
LaTeX Font Info:    Checking defaults for OMX/cmex/m/n on input line 112.
LaTeX Font Info:    ... okay on input line 112.
LaTeX Font Info:    Checking defaults for U/cmr/m/n on input line 112.
LaTeX Font Info:    ... okay on input line 112.
LaTeX Font Info:    Checking defaults for TS1/cmr/m/n on input line 112.
LaTeX Font Info:    Try loading font information for TS1+cmr on input line 112.

 (/usr/share/texlive/texmf-dist/tex/latex/base/ts1cmr.fd
File: ts1cmr.fd 1999/05/25 v2.5h Standard LaTeX font definitions
)
LaTeX Font Info:    ... okay on input line 112.
LaTeX Font Info:    Checking defaults for PD1/pdf/m/n on input line 112.
LaTeX Font Info:    ... okay on input line 112.
LaTeX Font Info:    Try loading font information for T1+pplx on input line 112.


(/usr/share/texlive/texmf-dist/tex/latex/psnfss/t1pplx.fd
File: t1pplx.fd 2004/09/06 font definitions for T1/pplx.
)
(/usr/share/texlive/texmf-dist/tex/context/base/supp-pdf.mkii
[Loading MPS to PDF converter (version 2006.09.02).]
\scratchcounter=\count127
\scratchdimen=\dimen146
\scratchbox=\box39
\nofMPsegments=\count128
\nofMParguments=\count129
\everyMPshowfont=\toks25
\MPscratchCnt=\count130
\MPscratchDim=\dimen147
\MPnumerator=\count131
\makeMPintoPDFobject=\count132
\everyMPtoPDFconversion=\toks26
) (/usr/share/texlive/texmf-dist/tex/latex/oberdiek/epstopdf-base.sty
Package: epstopdf-base 2010/02/09 v2.5 Base part for package epstopdf

(/usr/share/texlive/texmf-dist/tex/latex/oberdiek/grfext.sty
Package: grfext 2010/08/19 v1.1 Manage graphics extensions (HO)
)
Package grfext Info: Graphics extension search list:
(grfext)             [.png,.pdf,.jpg,.mps,.jpeg,.jbig2,.jb2,.PNG,.PDF,.JPG,.JPE
G,.JBIG2,.JB2,.eps]
(grfext)             \AppendGraphicsExtensions on input line 452.

(/usr/share/texlive/texmf-dist/tex/latex/latexconfig/epstopdf-sys.cfg
File: epstopdf-sys.cfg 2010/07/13 v1.3 Configuration of (r)epstopdf for TeX Liv
e
))
\AtBeginShipoutBox=\box40
Package hyperref Info: Link coloring ON on input line 112.

(/usr/share/texlive/texmf-dist/tex/latex/hyperref/nameref.sty
Package: nameref 2012/10/27 v2.43 Cross-referencing by name of section

(/usr/share/texlive/texmf-dist/tex/generic/oberdiek/gettitlestring.sty
Package: gettitlestring 2010/12/03 v1.4 Cleanup title references (HO)
)
\c@section@level=\count133
)
LaTeX Info: Redefining \ref on input line 112.
LaTeX Info: Redefining \pageref on input line 112.
LaTeX Info: Redefining \nameref on input line 112.

(./faoswsFlag.out) (./faoswsFlag.out)
\@outlinefile=\write4
\openout4 = `faoswsFlag.out'.

LaTeX Font Info:    Font shape `T1/pplx/bx/n' in size <17.28> not available
(Font)              Font shape `T1/pplx/b/n' tried instead on input line 112.
LaTeX Font Info:    Try loading font information for OT1+pplx on input line 112
.

(/usr/share/texlive/texmf-dist/tex/latex/psnfss/ot1pplx.fd
File: ot1pplx.fd 2004/09/06 font definitions for OT1/pplx.
)
LaTeX Font Info:    Try loading font information for OML+zplm on input line 112
.

(/usr/share/texlive/texmf-dist/tex/latex/psnfss/omlzplm.fd
File: omlzplm.fd 2002/09/08 Fontinst v1.914 font definitions for OML/zplm.
)
LaTeX Font Info:    Try loading font information for OMS+zplm on input line 112
.

(/usr/share/texlive/texmf-dist/tex/latex/psnfss/omszplm.fd
File: omszplm.fd 2002/09/08 Fontinst v1.914 font definitions for OMS/zplm.
)
LaTeX Font Info:    Try loading font information for OMX+zplm on input line 112
.

(/usr/share/texlive/texmf-dist/tex/latex/psnfss/omxzplm.fd
File: omxzplm.fd 2002/09/08 Fontinst v1.914 font definitions for OMX/zplm.
)
LaTeX Font Info:    Try loading font information for OT1+zplm on input line 112
.

(/usr/share/texlive/texmf-dist/tex/latex/psnfss/ot1zplm.fd
File: ot1zplm.fd 2002/09/08 Fontinst v1.914 font definitions for OT1/zplm.
)
LaTeX Font Info:    Try loading font information for U+rsfs on input line 112.

(/usr/share/texlive/texmf-dist/tex/latex/jknapltx/ursfs.fd
File: ursfs.fd 1998/03/24 rsfs font definition file (jk)
)
LaTeX Font Info:    Font shape `T1/pplx/bx/n' in size <12> not available
(Font)              Font shape `T1/pplx/b/n' tried instead on input line 112.
LaTeX Font Info:    Font shape `T1/pplx/bx/n' in size <10> not available
(Font)              Font shape `T1/pplx/b/n' tried instead on input line 112.

*geometry* driver: auto-detecting
*geometry* detected driver: pdftex
*geometry* verbose mode - [ preamble ] result:
* driver: pdftex
* paper: <default>
* layout: <same size as paper>
* layoutoffset:(h,v)=(0.0pt,0.0pt)
* modes: twoside 
* h-part:(L,W,R)=(71.13188pt, 455.24411pt, 71.13188pt)
* v-part:(T,H,B)=(71.13188pt, 702.78308pt, 71.13188pt)
* \paperwidth=597.50787pt
* \paperheight=845.04684pt
* \textwidth=455.24411pt
* \textheight=702.78308pt
* \oddsidemargin=-1.1381pt
* \evensidemargin=-1.1381pt
* \topmargin=-38.1381pt
* \headheight=12.0pt
* \headsep=25.0pt
* \topskip=11.0pt
* \footskip=30.0pt
* \marginparwidth=54.2025pt
* \marginparsep=10.0pt
* \columnsep=10.0pt
* \skip\footins=10.0pt plus 4.0pt minus 2.0pt
* \hoffset=0.0pt
* \voffset=0.0pt
* \mag=1000
* \@twocolumnfalse
* \@twosidetrue
* \@mparswitchtrue
* \@reversemarginfalse
* (1in=72.27pt=25.4mm, 1cm=28.453pt)

LaTeX Font Info:    Font shape `T1/pplx/bx/n' in size <10.95> not available
(Font)              Font shape `T1/pplx/b/n' tried instead on input line 117.
LaTeX Font Info:    Font shape `T1/pplx/bx/n' in size <14.4> not available
(Font)              Font shape `T1/pplx/b/n' tried instead on input line 117.
Package color Info: Redefining color shadecolor on input line 121.
LaTeX Font Info:    Try loading font information for T1+aett on input line 122.

(/usr/share/texlive/texmf-dist/tex/latex/ae/t1aett.fd
File: t1aett.fd 1997/11/16 Font definitions for T1/aett.
)

LaTeX Font Warning: Font shape `T1/aett/bx/n' undefined
(Font)              using `T1/aett/m/n' instead on input line 124.


LaTeX Warning: `!h' float specifier changed to `!ht'.

[1

{/var/lib/texmf/fonts/map/pdftex/updmap/pdftex.map}]
Package color Info: Redefining color shadecolor on input line 190.
Package color Info: Redefining color shadecolor on input line 237.
LaTeX Font Info:    Font shape `T1/pplx/m/sl' in size <10.95> not available
(Font)              Font shape `T1/pplx/m/it' tried instead on input line 246.

Overfull \hbox (5.47499pt too wide) has occurred while \output is active
\T1/pplx/m/n/10.95 2 []
 []

[2pdfTeX warning (ext4): destination with the same identifier (name{table.1}) h
as been already used, duplicate ignored

\AtBegShi@Output ...ipout \box \AtBeginShipoutBox 
                                                  \fi \fi 
l.246 \end{kframe}
                  ]
Package color Info: Redefining color shadecolor on input line 250.

Overfull \hbox (5.47499pt too wide) has occurred while \output is active
[] \T1/pplx/m/n/10.95 3
 []

[3]
Package color Info: Redefining color shadecolor on input line 328.
 <figure/simulated-example.pdf, id=56, 505.89pt x 361.35pt>
File: figure/simulated-example.pdf Graphic file (type pdf)

<use figure/simulated-example.pdf>
Package pdftex.def Info: figure/simulated-example.pdf used on input line 357.
(pdftex.def)             Requested size: 455.24411pt x 325.17891pt.

Underfull \vbox (badness 10000) has occurred while \output is active []


Overfull \hbox (5.47499pt too wide) has occurred while \output is active
\T1/pplx/m/n/10.95 4 []
 []

[4]
Package color Info: Redefining color shadecolor on input line 382.

Overfull \hbox (5.47499pt too wide) has occurred while \output is active
[] \T1/pplx/m/n/10.95 5
 []

[5 <./figure/simulated-example.pdf>]
<figure/simulated-example2.pdf, id=71, 505.89pt x 361.35pt>
File: figure/simulated-example2.pdf Graphic file (type pdf)

<use figure/simulated-example2.pdf>
Package pdftex.def Info: figure/simulated-example2.pdf used on input line 402.
(pdftex.def)             Requested size: 455.24411pt x 325.17891pt.

Underfull \hbox (badness 10000) in paragraph at lines 412--414

 []


Underfull \hbox (badness 10000) in paragraph at lines 415--419

 []


Underfull \hbox (badness 10000) in paragraph at lines 420--423

 []


Underfull \hbox (badness 10000) in paragraph at lines 424--427

 []


Underfull \vbox (badness 6493) has occurred while \output is active []


Overfull \hbox (5.47499pt too wide) has occurred while \output is active
\T1/pplx/m/n/10.95 6 []
 []

[6 <./figure/simulated-example2.pdf>]
Package color Info: Redefining color shadecolor on input line 460.

Overfull \hbox (5.47499pt too wide) has occurred while \output is active
[] \T1/pplx/m/n/10.95 7
 []

[7]
Package atveryend Info: Empty hook `BeforeClearDocument' on input line 529.

Overfull \hbox (5.47499pt too wide) has occurred while \output is active
\T1/pplx/m/n/10.95 8 []
 []

[8]
Package atveryend Info: Empty hook `AfterLastShipout' on input line 529.
 (./faoswsFlag.aux)
Package atveryend Info: Executing hook `AtVeryEndDocument' on input line 529.
Package atveryend Info: Executing hook `AtEndAfterFileList' on input line 529.
Package rerunfilecheck Info: File `faoswsFlag.out' has not changed.
(rerunfilecheck)             Checksum: AD6335D0D8DDA95DE0DA9E0504F4AC81;658.


LaTeX Font Warning: Some font shapes were not available, defaults substituted.

Package atveryend Info: Empty hook `AtVeryVeryEnd' on input line 529.
 ) 
Here is how much of TeX's memory you used:
 10258 strings out of 493304
 149085 string characters out of 6139872
 268969 words of memory out of 5000000
 13496 multiletter control sequences out of 15000+600000
 44631 words of font info for 84 fonts, out of 8000000 for 9000
 957 hyphenation exceptions out of 8191
 36i,12n,35p,320b,373s stack positions out of 5000i,500n,10000p,200000b,80000s
{/usr/share/texlive/texmf-dist/fonts/enc/dvips/base/8r.enc}</usr/share/texliv
e/texmf-dist/fonts/type1/public/amsfonts/cm/cmex10.pfb></usr/share/texlive/texm
f-dist/fonts/type1/public/amsfonts/cm/cmitt10.pfb></usr/share/texlive/texmf-dis
t/fonts/type1/public/amsfonts/cm/cmr10.pfb></usr/share/texlive/texmf-dist/fonts
/type1/public/amsfonts/cm/cmsy10.pfb></usr/share/texlive/texmf-dist/fonts/type1
/public/amsfonts/cm/cmtt10.pfb></usr/share/texlive/texmf-dist/fonts/type1/publi
c/mathpazo/fplmr.pfb></usr/share/texlive/texmf-dist/fonts/type1/public/mathpazo
/fplmri.pfb></usr/share/texlive/texmf-dist/fonts/type1/urw/palatino/uplb8a.pfb>
</usr/share/texlive/texmf-dist/fonts/type1/urw/palatino/uplr8a.pfb></usr/share/
texlive/texmf-dist/fonts/type1/urw/palatino/uplri8a.pfb>
Output written on faoswsFlag.pdf (8 pages, 142643 bytes).
PDF statistics:
 140 PDF objects out of 1000 (max. 8388607)
 114 compressed objects within 2 object streams
 24 named destinations out of 1000 (max. 500000)
 67 words of extra memory for PDF output out of 10000 (max. 10000000)

